c:\play\cppquests\debug\vc142.pdb
c:\play\cppquests\debug\vc142.idb
c:\play\cppquests\debug\test.obj
c:\play\cppquests\debug\pet.obj
c:\play\cppquests\debug\main.obj
c:\play\cppquests\debug\looping_functions.obj
c:\play\cppquests\debug\limerick.obj
c:\play\cppquests\debug\hello_world.obj
c:\play\cppquests\debug\etox.obj
c:\play\cppquests\debug\eliza.obj
c:\play\cppquests\debug\draw_cat.obj
c:\play\cppquests\debug\branching_functions.obj
c:\play\cppquests\debug\cppquests.exe
c:\play\cppquests\debug\cppquests.ilk
c:\play\cppquests\debug\cppquests.pdb
c:\play\cppquests\debug\pet.obj.enc
c:\play\cppquests\debug\cppquests.tlog\cl.command.1.tlog
c:\play\cppquests\debug\cppquests.tlog\cl.read.1.tlog
c:\play\cppquests\debug\cppquests.tlog\cl.write.1.tlog
c:\play\cppquests\debug\cppquests.tlog\link.command.1.tlog
c:\play\cppquests\debug\cppquests.tlog\link.read.1.tlog
c:\play\cppquests\debug\cppquests.tlog\link.write.1.tlog
